<?xml version="1.0" encoding="UTF-8"?>
<coverage generated="1668617127654" clover="3.2.0">
  <project timestamp="1668617127654" name="All files">
    <metrics statements="35" coveredstatements="33" conditionals="39" coveredconditionals="33" methods="3" coveredmethods="3" elements="77" coveredelements="69" complexity="0" loc="35" ncloc="35" packages="1" files="1" classes="1"/>
    <file name="gildedRose.js" path="/Users/patricia/Desktop/repos2/gilded-rose/src/gildedRose.js">
      <metrics statements="35" coveredstatements="33" conditionals="39" coveredconditionals="33" methods="3" coveredmethods="3"/>
      <line num="3" count="14" type="stmt"/>
      <line num="4" count="14" type="stmt"/>
      <line num="5" count="14" type="stmt"/>
      <line num="11" count="14" type="stmt"/>
      <line num="15" count="16" type="stmt"/>
      <line num="16" count="16" type="cond" truecount="2" falsecount="0"/>
      <line num="20" count="8" type="cond" truecount="2" falsecount="0"/>
      <line num="21" count="6" type="cond" truecount="2" falsecount="0"/>
      <line num="22" count="4" type="cond" truecount="2" falsecount="0"/>
      <line num="23" count="2" type="stmt"/>
      <line num="25" count="2" type="stmt"/>
      <line num="30" count="8" type="cond" truecount="2" falsecount="0"/>
      <line num="31" count="7" type="stmt"/>
      <line num="32" count="7" type="cond" truecount="2" falsecount="0"/>
      <line num="35" count="6" type="cond" truecount="2" falsecount="0"/>
      <line num="36" count="5" type="cond" truecount="1" falsecount="1"/>
      <line num="37" count="5" type="stmt"/>
      <line num="40" count="6" type="cond" truecount="2" falsecount="0"/>
      <line num="41" count="3" type="cond" truecount="1" falsecount="1"/>
      <line num="42" count="3" type="stmt"/>
      <line num="48" count="16" type="cond" truecount="2" falsecount="0"/>
      <line num="49" count="14" type="stmt"/>
      <line num="51" count="16" type="cond" truecount="2" falsecount="0"/>
      <line num="52" count="6" type="cond" truecount="1" falsecount="1"/>
      <line num="53" count="6" type="cond" truecount="2" falsecount="0"/>
      <line num="56" count="5" type="cond" truecount="2" falsecount="0"/>
      <line num="57" count="3" type="cond" truecount="2" falsecount="0"/>
      <line num="58" count="2" type="cond" truecount="2" falsecount="0"/>
      <line num="59" count="1" type="stmt"/>
      <line num="61" count="1" type="stmt"/>
      <line num="66" count="1" type="stmt"/>
      <line num="70" count="0" type="cond" truecount="0" falsecount="2"/>
      <line num="71" count="0" type="stmt"/>
      <line num="77" count="16" type="stmt"/>
      <line num="81" count="1" type="stmt"/>
    </file>
  </project>
</coverage>
