{"/Users/patricia/Desktop/repos2/gilded-rose/src/agedBrie.js": {"path":"/Users/patricia/Desktop/repos2/gilded-rose/src/agedBrie.js","statementMap":{"0":{"start":{"line":3,"column":4},"end":{"line":3,"column":30}},"1":{"start":{"line":4,"column":4},"end":{"line":4,"column":32}},"2":{"start":{"line":7,"column":4},"end":{"line":9,"column":5}},"3":{"start":{"line":8,"column":6},"end":{"line":8,"column":24}},"4":{"start":{"line":10,"column":4},"end":{"line":10,"column":21}},"5":{"start":{"line":14,"column":4},"end":{"line":14,"column":23}},"6":{"start":{"line":18,"column":4},"end":{"line":18,"column":24}},"7":{"start":{"line":22,"column":0},"end":{"line":22,"column":26}}},"fnMap":{"0":{"name":"(anonymous_0)","decl":{"start":{"line":2,"column":2},"end":{"line":2,"column":3}},"loc":{"start":{"line":2,"column":20},"end":{"line":5,"column":3}},"line":2},"1":{"name":"(anonymous_1)","decl":{"start":{"line":6,"column":2},"end":{"line":6,"column":3}},"loc":{"start":{"line":6,"column":26},"end":{"line":11,"column":3}},"line":6},"2":{"name":"(anonymous_2)","decl":{"start":{"line":13,"column":2},"end":{"line":13,"column":3}},"loc":{"start":{"line":13,"column":15},"end":{"line":15,"column":3}},"line":13},"3":{"name":"(anonymous_3)","decl":{"start":{"line":17,"column":2},"end":{"line":17,"column":3}},"loc":{"start":{"line":17,"column":16},"end":{"line":19,"column":3}},"line":17}},"branchMap":{"0":{"loc":{"start":{"line":7,"column":4},"end":{"line":9,"column":5}},"type":"if","locations":[{"start":{"line":7,"column":4},"end":{"line":9,"column":5}},{"start":{"line":7,"column":4},"end":{"line":9,"column":5}}],"line":7}},"s":{"0":8,"1":8,"2":9,"3":7,"4":9,"5":3,"6":3,"7":2},"f":{"0":8,"1":9,"2":3,"3":3},"b":{"0":[7,2]},"_coverageSchema":"43e27e138ebf9cfc5966b082cf9a028302ed4184","hash":"0aeb6df88ffd9223ad893919b110f44074123702"}
,"/Users/patricia/Desktop/repos2/gilded-rose/src/backstagePasses.js": {"path":"/Users/patricia/Desktop/repos2/gilded-rose/src/backstagePasses.js","statementMap":{"0":{"start":{"line":3,"column":4},"end":{"line":3,"column":30}},"1":{"start":{"line":4,"column":4},"end":{"line":4,"column":32}},"2":{"start":{"line":7,"column":4},"end":{"line":15,"column":5}},"3":{"start":{"line":8,"column":6},"end":{"line":8,"column":23}},"4":{"start":{"line":9,"column":11},"end":{"line":15,"column":5}},"5":{"start":{"line":10,"column":6},"end":{"line":10,"column":24}},"6":{"start":{"line":11,"column":11},"end":{"line":15,"column":5}},"7":{"start":{"line":12,"column":6},"end":{"line":12,"column":24}},"8":{"start":{"line":14,"column":6},"end":{"line":14,"column":24}},"9":{"start":{"line":16,"column":4},"end":{"line":18,"column":5}},"10":{"start":{"line":17,"column":6},"end":{"line":17,"column":24}},"11":{"start":{"line":19,"column":4},"end":{"line":19,"column":21}},"12":{"start":{"line":23,"column":4},"end":{"line":23,"column":23}},"13":{"start":{"line":27,"column":4},"end":{"line":27,"column":24}},"14":{"start":{"line":31,"column":0},"end":{"line":31,"column":33}}},"fnMap":{"0":{"name":"(anonymous_0)","decl":{"start":{"line":2,"column":2},"end":{"line":2,"column":3}},"loc":{"start":{"line":2,"column":20},"end":{"line":5,"column":3}},"line":2},"1":{"name":"(anonymous_1)","decl":{"start":{"line":6,"column":2},"end":{"line":6,"column":3}},"loc":{"start":{"line":6,"column":33},"end":{"line":20,"column":3}},"line":6},"2":{"name":"(anonymous_2)","decl":{"start":{"line":22,"column":2},"end":{"line":22,"column":3}},"loc":{"start":{"line":22,"column":15},"end":{"line":24,"column":3}},"line":22},"3":{"name":"(anonymous_3)","decl":{"start":{"line":26,"column":2},"end":{"line":26,"column":3}},"loc":{"start":{"line":26,"column":16},"end":{"line":28,"column":3}},"line":26}},"branchMap":{"0":{"loc":{"start":{"line":7,"column":4},"end":{"line":15,"column":5}},"type":"if","locations":[{"start":{"line":7,"column":4},"end":{"line":15,"column":5}},{"start":{"line":7,"column":4},"end":{"line":15,"column":5}}],"line":7},"1":{"loc":{"start":{"line":9,"column":11},"end":{"line":15,"column":5}},"type":"if","locations":[{"start":{"line":9,"column":11},"end":{"line":15,"column":5}},{"start":{"line":9,"column":11},"end":{"line":15,"column":5}}],"line":9},"2":{"loc":{"start":{"line":11,"column":11},"end":{"line":15,"column":5}},"type":"if","locations":[{"start":{"line":11,"column":11},"end":{"line":15,"column":5}},{"start":{"line":11,"column":11},"end":{"line":15,"column":5}}],"line":11},"3":{"loc":{"start":{"line":16,"column":4},"end":{"line":18,"column":5}},"type":"if","locations":[{"start":{"line":16,"column":4},"end":{"line":18,"column":5}},{"start":{"line":16,"column":4},"end":{"line":18,"column":5}}],"line":16}},"s":{"0":14,"1":14,"2":18,"3":4,"4":14,"5":4,"6":10,"7":6,"8":4,"9":18,"10":2,"11":18,"12":7,"13":7,"14":2},"f":{"0":14,"1":18,"2":7,"3":7},"b":{"0":[4,14],"1":[4,10],"2":[6,4],"3":[2,16]},"_coverageSchema":"43e27e138ebf9cfc5966b082cf9a028302ed4184","hash":"f7ff39794e62d15425652deb937ed52f5989c8b5"}
,"/Users/patricia/Desktop/repos2/gilded-rose/src/conjuredItem.js": {"path":"/Users/patricia/Desktop/repos2/gilded-rose/src/conjuredItem.js","statementMap":{"0":{"start":{"line":3,"column":4},"end":{"line":3,"column":30}},"1":{"start":{"line":4,"column":4},"end":{"line":4,"column":32}},"2":{"start":{"line":7,"column":4},"end":{"line":12,"column":5}},"3":{"start":{"line":8,"column":6},"end":{"line":8,"column":24}},"4":{"start":{"line":9,"column":6},"end":{"line":11,"column":7}},"5":{"start":{"line":10,"column":8},"end":{"line":10,"column":26}},"6":{"start":{"line":16,"column":4},"end":{"line":16,"column":23}},"7":{"start":{"line":20,"column":4},"end":{"line":20,"column":24}},"8":{"start":{"line":24,"column":0},"end":{"line":24,"column":30}}},"fnMap":{"0":{"name":"(anonymous_0)","decl":{"start":{"line":2,"column":2},"end":{"line":2,"column":3}},"loc":{"start":{"line":2,"column":20},"end":{"line":5,"column":3}},"line":2},"1":{"name":"(anonymous_1)","decl":{"start":{"line":6,"column":2},"end":{"line":6,"column":3}},"loc":{"start":{"line":6,"column":30},"end":{"line":13,"column":3}},"line":6},"2":{"name":"(anonymous_2)","decl":{"start":{"line":15,"column":2},"end":{"line":15,"column":3}},"loc":{"start":{"line":15,"column":15},"end":{"line":17,"column":3}},"line":15},"3":{"name":"(anonymous_3)","decl":{"start":{"line":19,"column":2},"end":{"line":19,"column":3}},"loc":{"start":{"line":19,"column":16},"end":{"line":21,"column":3}},"line":19}},"branchMap":{"0":{"loc":{"start":{"line":7,"column":4},"end":{"line":12,"column":5}},"type":"if","locations":[{"start":{"line":7,"column":4},"end":{"line":12,"column":5}},{"start":{"line":7,"column":4},"end":{"line":12,"column":5}}],"line":7},"1":{"loc":{"start":{"line":9,"column":6},"end":{"line":11,"column":7}},"type":"if","locations":[{"start":{"line":9,"column":6},"end":{"line":11,"column":7}},{"start":{"line":9,"column":6},"end":{"line":11,"column":7}}],"line":9}},"s":{"0":7,"1":7,"2":8,"3":6,"4":6,"5":2,"6":3,"7":3,"8":2},"f":{"0":7,"1":8,"2":3,"3":3},"b":{"0":[6,2],"1":[2,4]},"_coverageSchema":"43e27e138ebf9cfc5966b082cf9a028302ed4184","hash":"cd73908a8e00799bed0122859c45125f8b1e6bc2"}
,"/Users/patricia/Desktop/repos2/gilded-rose/src/gildedRose.js": {"path":"/Users/patricia/Desktop/repos2/gilded-rose/src/gildedRose.js","statementMap":{"0":{"start":{"line":1,"column":17},"end":{"line":1,"column":43}},"1":{"start":{"line":2,"column":17},"end":{"line":2,"column":43}},"2":{"start":{"line":3,"column":24},"end":{"line":3,"column":57}},"3":{"start":{"line":4,"column":21},"end":{"line":4,"column":51}},"4":{"start":{"line":8,"column":4},"end":{"line":8,"column":21}},"5":{"start":{"line":9,"column":4},"end":{"line":9,"column":25}},"6":{"start":{"line":10,"column":4},"end":{"line":10,"column":27}},"7":{"start":{"line":16,"column":4},"end":{"line":16,"column":23}},"8":{"start":{"line":20,"column":4},"end":{"line":54,"column":5}},"9":{"start":{"line":20,"column":17},"end":{"line":20,"column":18}},"10":{"start":{"line":21,"column":21},"end":{"line":21,"column":39}},"11":{"start":{"line":22,"column":6},"end":{"line":53,"column":7}},"12":{"start":{"line":23,"column":23},"end":{"line":23,"column":50}},"13":{"start":{"line":24,"column":8},"end":{"line":24,"column":41}},"14":{"start":{"line":25,"column":8},"end":{"line":25,"column":53}},"15":{"start":{"line":26,"column":8},"end":{"line":26,"column":55}},"16":{"start":{"line":27,"column":13},"end":{"line":53,"column":7}},"17":{"start":{"line":28,"column":23},"end":{"line":28,"column":50}},"18":{"start":{"line":29,"column":8},"end":{"line":29,"column":41}},"19":{"start":{"line":30,"column":8},"end":{"line":30,"column":53}},"20":{"start":{"line":31,"column":8},"end":{"line":31,"column":55}},"21":{"start":{"line":32,"column":13},"end":{"line":53,"column":7}},"22":{"start":{"line":33,"column":30},"end":{"line":33,"column":64}},"23":{"start":{"line":34,"column":8},"end":{"line":34,"column":55}},"24":{"start":{"line":35,"column":8},"end":{"line":35,"column":60}},"25":{"start":{"line":36,"column":8},"end":{"line":36,"column":62}},"26":{"start":{"line":37,"column":13},"end":{"line":53,"column":7}},"27":{"start":{"line":38,"column":27},"end":{"line":38,"column":58}},"28":{"start":{"line":39,"column":8},"end":{"line":39,"column":49}},"29":{"start":{"line":40,"column":8},"end":{"line":40,"column":57}},"30":{"start":{"line":41,"column":8},"end":{"line":41,"column":59}},"31":{"start":{"line":44,"column":8},"end":{"line":48,"column":9}},"32":{"start":{"line":45,"column":10},"end":{"line":45,"column":37}},"33":{"start":{"line":47,"column":10},"end":{"line":47,"column":37}},"34":{"start":{"line":49,"column":8},"end":{"line":51,"column":9}},"35":{"start":{"line":50,"column":10},"end":{"line":50,"column":36}},"36":{"start":{"line":52,"column":8},"end":{"line":52,"column":34}},"37":{"start":{"line":55,"column":4},"end":{"line":55,"column":22}},"38":{"start":{"line":59,"column":0},"end":{"line":62,"column":2}}},"fnMap":{"0":{"name":"(anonymous_0)","decl":{"start":{"line":7,"column":2},"end":{"line":7,"column":3}},"loc":{"start":{"line":7,"column":37},"end":{"line":11,"column":3}},"line":7},"1":{"name":"(anonymous_1)","decl":{"start":{"line":15,"column":2},"end":{"line":15,"column":3}},"loc":{"start":{"line":15,"column":26},"end":{"line":17,"column":3}},"line":15},"2":{"name":"(anonymous_2)","decl":{"start":{"line":19,"column":2},"end":{"line":19,"column":3}},"loc":{"start":{"line":19,"column":18},"end":{"line":56,"column":3}},"line":19}},"branchMap":{"0":{"loc":{"start":{"line":15,"column":14},"end":{"line":15,"column":24}},"type":"default-arg","locations":[{"start":{"line":15,"column":22},"end":{"line":15,"column":24}}],"line":15},"1":{"loc":{"start":{"line":22,"column":6},"end":{"line":53,"column":7}},"type":"if","locations":[{"start":{"line":22,"column":6},"end":{"line":53,"column":7}},{"start":{"line":22,"column":6},"end":{"line":53,"column":7}}],"line":22},"2":{"loc":{"start":{"line":27,"column":13},"end":{"line":53,"column":7}},"type":"if","locations":[{"start":{"line":27,"column":13},"end":{"line":53,"column":7}},{"start":{"line":27,"column":13},"end":{"line":53,"column":7}}],"line":27},"3":{"loc":{"start":{"line":32,"column":13},"end":{"line":53,"column":7}},"type":"if","locations":[{"start":{"line":32,"column":13},"end":{"line":53,"column":7}},{"start":{"line":32,"column":13},"end":{"line":53,"column":7}}],"line":32},"4":{"loc":{"start":{"line":37,"column":13},"end":{"line":53,"column":7}},"type":"if","locations":[{"start":{"line":37,"column":13},"end":{"line":53,"column":7}},{"start":{"line":37,"column":13},"end":{"line":53,"column":7}}],"line":37},"5":{"loc":{"start":{"line":44,"column":8},"end":{"line":48,"column":9}},"type":"if","locations":[{"start":{"line":44,"column":8},"end":{"line":48,"column":9}},{"start":{"line":44,"column":8},"end":{"line":48,"column":9}}],"line":44},"6":{"loc":{"start":{"line":49,"column":8},"end":{"line":51,"column":9}},"type":"if","locations":[{"start":{"line":49,"column":8},"end":{"line":51,"column":9}},{"start":{"line":49,"column":8},"end":{"line":51,"column":9}}],"line":49}},"s":{"0":1,"1":1,"2":1,"3":1,"4":16,"5":16,"6":16,"7":17,"8":18,"9":18,"10":18,"11":18,"12":2,"13":2,"14":2,"15":2,"16":16,"17":3,"18":3,"19":3,"20":3,"21":13,"22":6,"23":6,"24":6,"25":6,"26":7,"27":2,"28":2,"29":2,"30":2,"31":5,"32":3,"33":2,"34":5,"35":2,"36":5,"37":18,"38":1},"f":{"0":16,"1":17,"2":18},"b":{"0":[1],"1":[2,16],"2":[3,13],"3":[6,7],"4":[2,5],"5":[3,2],"6":[2,3]},"_coverageSchema":"43e27e138ebf9cfc5966b082cf9a028302ed4184","hash":"a92d03178a77360e79bfce7a224ed9258b5c4cd0"}
,"/Users/patricia/Desktop/repos2/gilded-rose/src/sulfuras.js": {"path":"/Users/patricia/Desktop/repos2/gilded-rose/src/sulfuras.js","statementMap":{"0":{"start":{"line":3,"column":4},"end":{"line":3,"column":30}},"1":{"start":{"line":4,"column":4},"end":{"line":4,"column":32}},"2":{"start":{"line":7,"column":4},"end":{"line":7,"column":11}},"3":{"start":{"line":11,"column":4},"end":{"line":11,"column":23}},"4":{"start":{"line":15,"column":4},"end":{"line":15,"column":24}},"5":{"start":{"line":19,"column":0},"end":{"line":19,"column":26}}},"fnMap":{"0":{"name":"(anonymous_0)","decl":{"start":{"line":2,"column":2},"end":{"line":2,"column":3}},"loc":{"start":{"line":2,"column":20},"end":{"line":5,"column":3}},"line":2},"1":{"name":"(anonymous_1)","decl":{"start":{"line":6,"column":2},"end":{"line":6,"column":3}},"loc":{"start":{"line":6,"column":26},"end":{"line":8,"column":3}},"line":6},"2":{"name":"(anonymous_2)","decl":{"start":{"line":10,"column":2},"end":{"line":10,"column":3}},"loc":{"start":{"line":10,"column":15},"end":{"line":12,"column":3}},"line":10},"3":{"name":"(anonymous_3)","decl":{"start":{"line":14,"column":2},"end":{"line":14,"column":3}},"loc":{"start":{"line":14,"column":16},"end":{"line":16,"column":3}},"line":14}},"branchMap":{},"s":{"0":6,"1":6,"2":5,"3":4,"4":4,"5":2},"f":{"0":6,"1":5,"2":4,"3":4},"b":{},"_coverageSchema":"43e27e138ebf9cfc5966b082cf9a028302ed4184","hash":"aa93d39dcf254e565d02effd07987b8e2c8fce05"}
}
