{"/Users/patricia/Desktop/repos2/gilded-rose/src/gildedRose.js": {"path":"/Users/patricia/Desktop/repos2/gilded-rose/src/gildedRose.js","statementMap":{"0":{"start":{"line":3,"column":4},"end":{"line":3,"column":21}},"1":{"start":{"line":4,"column":4},"end":{"line":4,"column":25}},"2":{"start":{"line":5,"column":4},"end":{"line":5,"column":27}},"3":{"start":{"line":11,"column":4},"end":{"line":11,"column":23}},"4":{"start":{"line":15,"column":4},"end":{"line":75,"column":5}},"5":{"start":{"line":15,"column":17},"end":{"line":15,"column":18}},"6":{"start":{"line":16,"column":6},"end":{"line":47,"column":7}},"7":{"start":{"line":20,"column":8},"end":{"line":28,"column":9}},"8":{"start":{"line":21,"column":10},"end":{"line":27,"column":11}},"9":{"start":{"line":22,"column":12},"end":{"line":26,"column":13}},"10":{"start":{"line":23,"column":14},"end":{"line":23,"column":64}},"11":{"start":{"line":25,"column":14},"end":{"line":25,"column":64}},"12":{"start":{"line":30,"column":8},"end":{"line":46,"column":9}},"13":{"start":{"line":31,"column":10},"end":{"line":31,"column":60}},"14":{"start":{"line":32,"column":10},"end":{"line":45,"column":11}},"15":{"start":{"line":35,"column":12},"end":{"line":39,"column":13}},"16":{"start":{"line":36,"column":14},"end":{"line":38,"column":15}},"17":{"start":{"line":37,"column":16},"end":{"line":37,"column":66}},"18":{"start":{"line":40,"column":12},"end":{"line":44,"column":13}},"19":{"start":{"line":41,"column":14},"end":{"line":43,"column":15}},"20":{"start":{"line":42,"column":16},"end":{"line":42,"column":66}},"21":{"start":{"line":48,"column":6},"end":{"line":50,"column":7}},"22":{"start":{"line":49,"column":8},"end":{"line":49,"column":56}},"23":{"start":{"line":51,"column":6},"end":{"line":74,"column":7}},"24":{"start":{"line":52,"column":8},"end":{"line":73,"column":9}},"25":{"start":{"line":53,"column":10},"end":{"line":68,"column":11}},"26":{"start":{"line":56,"column":12},"end":{"line":64,"column":13}},"27":{"start":{"line":57,"column":14},"end":{"line":63,"column":15}},"28":{"start":{"line":58,"column":16},"end":{"line":62,"column":17}},"29":{"start":{"line":59,"column":18},"end":{"line":59,"column":68}},"30":{"start":{"line":61,"column":18},"end":{"line":61,"column":68}},"31":{"start":{"line":66,"column":12},"end":{"line":67,"column":60}},"32":{"start":{"line":70,"column":10},"end":{"line":72,"column":11}},"33":{"start":{"line":71,"column":12},"end":{"line":71,"column":62}},"34":{"start":{"line":77,"column":4},"end":{"line":77,"column":22}},"35":{"start":{"line":81,"column":0},"end":{"line":84,"column":2}}},"fnMap":{"0":{"name":"(anonymous_0)","decl":{"start":{"line":2,"column":2},"end":{"line":2,"column":3}},"loc":{"start":{"line":2,"column":37},"end":{"line":6,"column":3}},"line":2},"1":{"name":"(anonymous_1)","decl":{"start":{"line":10,"column":2},"end":{"line":10,"column":3}},"loc":{"start":{"line":10,"column":26},"end":{"line":12,"column":3}},"line":10},"2":{"name":"(anonymous_2)","decl":{"start":{"line":14,"column":2},"end":{"line":14,"column":3}},"loc":{"start":{"line":14,"column":18},"end":{"line":78,"column":3}},"line":14}},"branchMap":{"0":{"loc":{"start":{"line":10,"column":14},"end":{"line":10,"column":24}},"type":"default-arg","locations":[{"start":{"line":10,"column":22},"end":{"line":10,"column":24}}],"line":10},"1":{"loc":{"start":{"line":16,"column":6},"end":{"line":47,"column":7}},"type":"if","locations":[{"start":{"line":16,"column":6},"end":{"line":47,"column":7}},{"start":{"line":16,"column":6},"end":{"line":47,"column":7}}],"line":16},"2":{"loc":{"start":{"line":17,"column":8},"end":{"line":18,"column":73}},"type":"binary-expr","locations":[{"start":{"line":17,"column":8},"end":{"line":17,"column":41}},{"start":{"line":18,"column":8},"end":{"line":18,"column":73}}],"line":17},"3":{"loc":{"start":{"line":20,"column":8},"end":{"line":28,"column":9}},"type":"if","locations":[{"start":{"line":20,"column":8},"end":{"line":28,"column":9}},{"start":{"line":20,"column":8},"end":{"line":28,"column":9}}],"line":20},"4":{"loc":{"start":{"line":21,"column":10},"end":{"line":27,"column":11}},"type":"if","locations":[{"start":{"line":21,"column":10},"end":{"line":27,"column":11}},{"start":{"line":21,"column":10},"end":{"line":27,"column":11}}],"line":21},"5":{"loc":{"start":{"line":22,"column":12},"end":{"line":26,"column":13}},"type":"if","locations":[{"start":{"line":22,"column":12},"end":{"line":26,"column":13}},{"start":{"line":22,"column":12},"end":{"line":26,"column":13}}],"line":22},"6":{"loc":{"start":{"line":30,"column":8},"end":{"line":46,"column":9}},"type":"if","locations":[{"start":{"line":30,"column":8},"end":{"line":46,"column":9}},{"start":{"line":30,"column":8},"end":{"line":46,"column":9}}],"line":30},"7":{"loc":{"start":{"line":32,"column":10},"end":{"line":45,"column":11}},"type":"if","locations":[{"start":{"line":32,"column":10},"end":{"line":45,"column":11}},{"start":{"line":32,"column":10},"end":{"line":45,"column":11}}],"line":32},"8":{"loc":{"start":{"line":35,"column":12},"end":{"line":39,"column":13}},"type":"if","locations":[{"start":{"line":35,"column":12},"end":{"line":39,"column":13}},{"start":{"line":35,"column":12},"end":{"line":39,"column":13}}],"line":35},"9":{"loc":{"start":{"line":36,"column":14},"end":{"line":38,"column":15}},"type":"if","locations":[{"start":{"line":36,"column":14},"end":{"line":38,"column":15}},{"start":{"line":36,"column":14},"end":{"line":38,"column":15}}],"line":36},"10":{"loc":{"start":{"line":40,"column":12},"end":{"line":44,"column":13}},"type":"if","locations":[{"start":{"line":40,"column":12},"end":{"line":44,"column":13}},{"start":{"line":40,"column":12},"end":{"line":44,"column":13}}],"line":40},"11":{"loc":{"start":{"line":41,"column":14},"end":{"line":43,"column":15}},"type":"if","locations":[{"start":{"line":41,"column":14},"end":{"line":43,"column":15}},{"start":{"line":41,"column":14},"end":{"line":43,"column":15}}],"line":41},"12":{"loc":{"start":{"line":48,"column":6},"end":{"line":50,"column":7}},"type":"if","locations":[{"start":{"line":48,"column":6},"end":{"line":50,"column":7}},{"start":{"line":48,"column":6},"end":{"line":50,"column":7}}],"line":48},"13":{"loc":{"start":{"line":51,"column":6},"end":{"line":74,"column":7}},"type":"if","locations":[{"start":{"line":51,"column":6},"end":{"line":74,"column":7}},{"start":{"line":51,"column":6},"end":{"line":74,"column":7}}],"line":51},"14":{"loc":{"start":{"line":52,"column":8},"end":{"line":73,"column":9}},"type":"if","locations":[{"start":{"line":52,"column":8},"end":{"line":73,"column":9}},{"start":{"line":52,"column":8},"end":{"line":73,"column":9}}],"line":52},"15":{"loc":{"start":{"line":53,"column":10},"end":{"line":68,"column":11}},"type":"if","locations":[{"start":{"line":53,"column":10},"end":{"line":68,"column":11}},{"start":{"line":53,"column":10},"end":{"line":68,"column":11}}],"line":53},"16":{"loc":{"start":{"line":56,"column":12},"end":{"line":64,"column":13}},"type":"if","locations":[{"start":{"line":56,"column":12},"end":{"line":64,"column":13}},{"start":{"line":56,"column":12},"end":{"line":64,"column":13}}],"line":56},"17":{"loc":{"start":{"line":57,"column":14},"end":{"line":63,"column":15}},"type":"if","locations":[{"start":{"line":57,"column":14},"end":{"line":63,"column":15}},{"start":{"line":57,"column":14},"end":{"line":63,"column":15}}],"line":57},"18":{"loc":{"start":{"line":58,"column":16},"end":{"line":62,"column":17}},"type":"if","locations":[{"start":{"line":58,"column":16},"end":{"line":62,"column":17}},{"start":{"line":58,"column":16},"end":{"line":62,"column":17}}],"line":58},"19":{"loc":{"start":{"line":70,"column":10},"end":{"line":72,"column":11}},"type":"if","locations":[{"start":{"line":70,"column":10},"end":{"line":72,"column":11}},{"start":{"line":70,"column":10},"end":{"line":72,"column":11}}],"line":70}},"s":{"0":14,"1":14,"2":14,"3":14,"4":16,"5":16,"6":16,"7":8,"8":6,"9":4,"10":2,"11":2,"12":8,"13":7,"14":7,"15":6,"16":5,"17":5,"18":6,"19":3,"20":3,"21":16,"22":14,"23":16,"24":6,"25":6,"26":5,"27":3,"28":2,"29":1,"30":1,"31":1,"32":0,"33":0,"34":16,"35":1},"f":{"0":14,"1":14,"2":16},"b":{"0":[0],"1":[8,8],"2":[16,14],"3":[6,2],"4":[4,2],"5":[2,2],"6":[7,1],"7":[6,1],"8":[5,1],"9":[5,0],"10":[3,3],"11":[3,0],"12":[14,2],"13":[6,10],"14":[6,0],"15":[5,1],"16":[3,2],"17":[2,1],"18":[1,1],"19":[0,0]},"_coverageSchema":"43e27e138ebf9cfc5966b082cf9a028302ed4184","hash":"5f9c3da7126c082bab0810c7e38fa656c4e235cc"}
}
