TN:
SF:/Users/patricia/Desktop/repos2/gilded-rose/src/agedBrie.js
FN:2,(anonymous_0)
FN:6,(anonymous_1)
FN:13,(anonymous_2)
FN:17,(anonymous_3)
FNF:4
FNH:4
FNDA:8,(anonymous_0)
FNDA:9,(anonymous_1)
FNDA:3,(anonymous_2)
FNDA:3,(anonymous_3)
DA:3,8
DA:4,8
DA:7,9
DA:8,7
DA:10,9
DA:14,3
DA:18,3
DA:22,2
LF:8
LH:8
BRDA:7,0,0,7
BRDA:7,0,1,2
BRF:2
BRH:2
end_of_record
TN:
SF:/Users/patricia/Desktop/repos2/gilded-rose/src/backstagePasses.js
FN:2,(anonymous_0)
FN:6,(anonymous_1)
FN:22,(anonymous_2)
FN:26,(anonymous_3)
FNF:4
FNH:4
FNDA:14,(anonymous_0)
FNDA:18,(anonymous_1)
FNDA:7,(anonymous_2)
FNDA:7,(anonymous_3)
DA:3,14
DA:4,14
DA:7,18
DA:8,4
DA:9,14
DA:10,4
DA:11,10
DA:12,6
DA:14,4
DA:16,18
DA:17,2
DA:19,18
DA:23,7
DA:27,7
DA:31,2
LF:15
LH:15
BRDA:7,0,0,4
BRDA:7,0,1,14
BRDA:9,1,0,4
BRDA:9,1,1,10
BRDA:11,2,0,6
BRDA:11,2,1,4
BRDA:16,3,0,2
BRDA:16,3,1,16
BRF:8
BRH:8
end_of_record
TN:
SF:/Users/patricia/Desktop/repos2/gilded-rose/src/conjuredItem.js
FN:2,(anonymous_0)
FN:6,(anonymous_1)
FN:15,(anonymous_2)
FN:19,(anonymous_3)
FNF:4
FNH:4
FNDA:7,(anonymous_0)
FNDA:8,(anonymous_1)
FNDA:3,(anonymous_2)
FNDA:3,(anonymous_3)
DA:3,7
DA:4,7
DA:7,8
DA:8,6
DA:9,6
DA:10,2
DA:16,3
DA:20,3
DA:24,2
LF:9
LH:9
BRDA:7,0,0,6
BRDA:7,0,1,2
BRDA:9,1,0,2
BRDA:9,1,1,4
BRF:4
BRH:4
end_of_record
TN:
SF:/Users/patricia/Desktop/repos2/gilded-rose/src/gildedRose.js
FN:7,(anonymous_0)
FN:15,(anonymous_1)
FN:19,(anonymous_2)
FNF:3
FNH:3
FNDA:16,(anonymous_0)
FNDA:17,(anonymous_1)
FNDA:18,(anonymous_2)
DA:1,1
DA:2,1
DA:3,1
DA:4,1
DA:8,16
DA:9,16
DA:10,16
DA:16,17
DA:20,18
DA:21,18
DA:22,18
DA:23,2
DA:24,2
DA:25,2
DA:26,2
DA:27,16
DA:28,3
DA:29,3
DA:30,3
DA:31,3
DA:32,13
DA:33,6
DA:34,6
DA:35,6
DA:36,6
DA:37,7
DA:38,2
DA:39,2
DA:40,2
DA:41,2
DA:44,5
DA:45,3
DA:47,2
DA:49,5
DA:50,2
DA:52,5
DA:55,18
DA:59,1
LF:38
LH:38
BRDA:15,0,0,1
BRDA:22,1,0,2
BRDA:22,1,1,16
BRDA:27,2,0,3
BRDA:27,2,1,13
BRDA:32,3,0,6
BRDA:32,3,1,7
BRDA:37,4,0,2
BRDA:37,4,1,5
BRDA:44,5,0,3
BRDA:44,5,1,2
BRDA:49,6,0,2
BRDA:49,6,1,3
BRF:13
BRH:13
end_of_record
TN:
SF:/Users/patricia/Desktop/repos2/gilded-rose/src/sulfuras.js
FN:2,(anonymous_0)
FN:6,(anonymous_1)
FN:10,(anonymous_2)
FN:14,(anonymous_3)
FNF:4
FNH:4
FNDA:6,(anonymous_0)
FNDA:5,(anonymous_1)
FNDA:4,(anonymous_2)
FNDA:4,(anonymous_3)
DA:3,6
DA:4,6
DA:7,5
DA:11,4
DA:15,4
DA:19,2
LF:6
LH:6
BRF:0
BRH:0
end_of_record
