TN:
SF:/Users/patricia/Desktop/repos2/gilded-rose/src/gildedRose.js
FN:2,(anonymous_0)
FN:10,(anonymous_1)
FN:14,(anonymous_2)
FNF:3
FNH:3
FNDA:14,(anonymous_0)
FNDA:14,(anonymous_1)
FNDA:16,(anonymous_2)
DA:3,14
DA:4,14
DA:5,14
DA:11,14
DA:15,16
DA:16,16
DA:20,8
DA:21,6
DA:22,4
DA:23,2
DA:25,2
DA:30,8
DA:31,7
DA:32,7
DA:35,6
DA:36,5
DA:37,5
DA:40,6
DA:41,3
DA:42,3
DA:48,16
DA:49,14
DA:51,16
DA:52,6
DA:53,6
DA:56,5
DA:57,3
DA:58,2
DA:59,1
DA:61,1
DA:66,1
DA:70,0
DA:71,0
DA:77,16
DA:81,1
LF:35
LH:33
BRDA:10,0,0,0
BRDA:16,1,0,8
BRDA:16,1,1,8
BRDA:17,2,0,16
BRDA:17,2,1,14
BRDA:20,3,0,6
BRDA:20,3,1,2
BRDA:21,4,0,4
BRDA:21,4,1,2
BRDA:22,5,0,2
BRDA:22,5,1,2
BRDA:30,6,0,7
BRDA:30,6,1,1
BRDA:32,7,0,6
BRDA:32,7,1,1
BRDA:35,8,0,5
BRDA:35,8,1,1
BRDA:36,9,0,5
BRDA:36,9,1,0
BRDA:40,10,0,3
BRDA:40,10,1,3
BRDA:41,11,0,3
BRDA:41,11,1,0
BRDA:48,12,0,14
BRDA:48,12,1,2
BRDA:51,13,0,6
BRDA:51,13,1,10
BRDA:52,14,0,6
BRDA:52,14,1,0
BRDA:53,15,0,5
BRDA:53,15,1,1
BRDA:56,16,0,3
BRDA:56,16,1,2
BRDA:57,17,0,2
BRDA:57,17,1,1
BRDA:58,18,0,1
BRDA:58,18,1,1
BRDA:70,19,0,0
BRDA:70,19,1,0
BRF:39
BRH:33
end_of_record
